SF:lib/a.dart
DA:9,0
DA:11,0
DA:12,0
DA:22,1
DA:29,0
DA:30,0
DA:38,1
DA:40,0
LF:8
LH:2
end_of_record
SF:lib/b.dart
DA:9,0
DA:10,0
DA:11,0
DA:12,0
DA:13,0
DA:17,0
DA:18,0
DA:21,0
DA:22,0
DA:23,0
DA:24,0
DA:25,0
DA:26,0
DA:30,0
DA:31,0
DA:32,0
DA:33,0
DA:34,0
DA:37,0
DA:38,0
DA:39,0
DA:43,0
DA:44,0
LF:23
LH:0
end_of_record
SF:lib/c.dart
DA:10,1
DA:12,3
DA:14,4
DA:16,3
DA:18,1
DA:19,5
DA:22,0
DA:24,0
DA:25,0
DA:30,1
DA:36,2
LF:11
LH:8
end_of_record
SF:lib/d.dart
DA:7,0
DA:9,0
DA:10,0
LF:3
LH:0
end_of_record
SF:lib/e.dart
DA:13,1
DA:15,2
DA:17,3
DA:19,1
DA:20,2
DA:21,1
DA:22,1
DA:23,6
DA:24,2
DA:25,1
DA:26,1
DA:27,1
DA:28,3
DA:32,1
DA:33,6
DA:36,1
DA:37,1
DA:40,0
DA:42,0
DA:43,0
DA:44,0
DA:51,1
DA:53,0
DA:55,0
DA:59,1
DA:65,2
DA:69,2
LF:27
LH:21
end_of_record
SF:lib/f.dart
DA:10,0
DA:11,0
DA:16,0
DA:18,0
LF:4
LH:0
end_of_record
